2015/05/20 13:44:17 [error] [exception.CHttpException.404] exception 'CHttpException' with message 'No es posible resolver la solicitud "favicon.ico"' in D:\Development\Projects\vivienda\framework\web\CWebApplication.php:286
Stack trace:
#0 D:\Development\Projects\vivienda\framework\web\CWebApplication.php(141): CWebApplication->runController('favicon.ico')
#1 D:\Development\Projects\vivienda\framework\base\CApplication.php(184): CWebApplication->processRequest()
#2 D:\Development\Projects\vivienda\src\index.php(13): CApplication->run()
#3 {main}
REQUEST_URI=/favicon.ico
---
2015/05/20 13:44:18 [error] [exception.CHttpException.404] exception 'CHttpException' with message 'No es posible resolver la solicitud "favicon.ico"' in D:\Development\Projects\vivienda\framework\web\CWebApplication.php:286
Stack trace:
#0 D:\Development\Projects\vivienda\framework\web\CWebApplication.php(141): CWebApplication->runController('favicon.ico')
#1 D:\Development\Projects\vivienda\framework\base\CApplication.php(184): CWebApplication->processRequest()
#2 D:\Development\Projects\vivienda\src\index.php(13): CApplication->run()
#3 {main}
REQUEST_URI=/favicon.ico
---
2015/05/20 14:59:20 [error] [exception.CHttpException.404] exception 'CHttpException' with message 'No es posible resolver la solicitud "favicon.ico"' in D:\Development\Projects\vivienda\framework\web\CWebApplication.php:286
Stack trace:
#0 D:\Development\Projects\vivienda\framework\web\CWebApplication.php(141): CWebApplication->runController('favicon.ico')
#1 D:\Development\Projects\vivienda\framework\base\CApplication.php(184): CWebApplication->processRequest()
#2 D:\Development\Projects\vivienda\src\index.php(13): CApplication->run()
#3 {main}
REQUEST_URI=/favicon.ico
HTTP_REFERER=http://ivyh.com:8088/site/login
---
2015/05/20 15:24:35 [error] [php] Trying to get property of non-object (D:\Development\Projects\vivienda\src\protected\views\solicitud\confeccionGrupoConviviente.php:49)
Stack trace:
#0 D:\Development\Projects\vivienda\framework\web\CController.php(869): SolicitudController->renderFile()
#1 D:\Development\Projects\vivienda\src\protected\views\solicitud\update.php(19): SolicitudController->renderPartial()
#2 D:\Development\Projects\vivienda\framework\web\CBaseController.php(126): require()
#3 D:\Development\Projects\vivienda\framework\web\CBaseController.php(95): SolicitudController->renderInternal()
#4 D:\Development\Projects\vivienda\framework\web\CController.php(869): SolicitudController->renderFile()
#5 D:\Development\Projects\vivienda\framework\web\CController.php(782): SolicitudController->renderPartial()
#6 D:\Development\Projects\vivienda\src\protected\controllers\SolicitudController.php(263): SolicitudController->render()
#7 unknown(0): SolicitudController->actionUpdate()
#8 D:\Development\Projects\vivienda\framework\web\actions\CAction.php(109): ReflectionMethod->invokeArgs()
#9 D:\Development\Projects\vivienda\framework\web\actions\CInlineAction.php(47): CInlineAction->runWithParamsInternal()
#10 D:\Development\Projects\vivienda\framework\web\CController.php(308): CInlineAction->runWithParams()
#11 D:\Development\Projects\vivienda\framework\web\filters\CFilterChain.php(133): SolicitudController->runAction()
#12 D:\Development\Projects\vivienda\framework\web\filters\CFilter.php(40): CFilterChain->run()
#13 D:\Development\Projects\vivienda\framework\web\CController.php(1145): CAccessControlFilter->filter()
#14 D:\Development\Projects\vivienda\framework\web\filters\CInlineFilter.php(58): SolicitudController->filterAccessControl()
#15 D:\Development\Projects\vivienda\framework\web\filters\CFilterChain.php(130): CInlineFilter->filter()
#16 D:\Development\Projects\vivienda\framework\web\CController.php(291): CFilterChain->run()
#17 D:\Development\Projects\vivienda\framework\web\CController.php(265): SolicitudController->runActionWithFilters()
#18 D:\Development\Projects\vivienda\framework\web\CWebApplication.php(282): SolicitudController->run()
#19 D:\Development\Projects\vivienda\framework\web\CWebApplication.php(141): CWebApplication->runController()
#20 D:\Development\Projects\vivienda\framework\base\CApplication.php(184): CWebApplication->processRequest()
#21 D:\Development\Projects\vivienda\src\index.php(13): CWebApplication->run()
REQUEST_URI=/solicitud/update/1790
2015/05/20 15:24:46 [error] [php] Array to string conversion (D:\Development\Projects\vivienda\framework\web\helpers\CHtml.php:167)
Stack trace:
#0 D:\Development\Projects\vivienda\framework\web\CBaseController.php(95): SolicitudController->renderInternal()
#1 D:\Development\Projects\vivienda\framework\web\CController.php(869): SolicitudController->renderFile()
#2 D:\Development\Projects\vivienda\src\protected\views\solicitud\update.php(19): SolicitudController->renderPartial()
#3 D:\Development\Projects\vivienda\framework\web\CBaseController.php(126): require()
#4 D:\Development\Projects\vivienda\framework\web\CBaseController.php(95): SolicitudController->renderInternal()
#5 D:\Development\Projects\vivienda\framework\web\CController.php(869): SolicitudController->renderFile()
#6 D:\Development\Projects\vivienda\framework\web\CController.php(782): SolicitudController->renderPartial()
#7 D:\Development\Projects\vivienda\src\protected\controllers\SolicitudController.php(263): SolicitudController->render()
#8 unknown(0): SolicitudController->actionUpdate()
#9 D:\Development\Projects\vivienda\framework\web\actions\CAction.php(109): ReflectionMethod->invokeArgs()
#10 D:\Development\Projects\vivienda\framework\web\actions\CInlineAction.php(47): CInlineAction->runWithParamsInternal()
#11 D:\Development\Projects\vivienda\framework\web\CController.php(308): CInlineAction->runWithParams()
#12 D:\Development\Projects\vivienda\framework\web\filters\CFilterChain.php(133): SolicitudController->runAction()
#13 D:\Development\Projects\vivienda\framework\web\filters\CFilter.php(40): CFilterChain->run()
#14 D:\Development\Projects\vivienda\framework\web\CController.php(1145): CAccessControlFilter->filter()
#15 D:\Development\Projects\vivienda\framework\web\filters\CInlineFilter.php(58): SolicitudController->filterAccessControl()
#16 D:\Development\Projects\vivienda\framework\web\filters\CFilterChain.php(130): CInlineFilter->filter()
#17 D:\Development\Projects\vivienda\framework\web\CController.php(291): CFilterChain->run()
#18 D:\Development\Projects\vivienda\framework\web\CController.php(265): SolicitudController->runActionWithFilters()
#19 D:\Development\Projects\vivienda\framework\web\CWebApplication.php(282): SolicitudController->run()
#20 D:\Development\Projects\vivienda\framework\web\CWebApplication.php(141): CWebApplication->runController()
#21 D:\Development\Projects\vivienda\framework\base\CApplication.php(184): CWebApplication->processRequest()
#22 D:\Development\Projects\vivienda\src\index.php(13): CWebApplication->run()
REQUEST_URI=/solicitud/update/1790
2015/05/20 15:25:00 [error] [php] Array to string conversion (D:\Development\Projects\vivienda\framework\web\helpers\CHtml.php:167)
Stack trace:
#0 D:\Development\Projects\vivienda\framework\web\CBaseController.php(95): SolicitudController->renderInternal()
#1 D:\Development\Projects\vivienda\framework\web\CController.php(869): SolicitudController->renderFile()
#2 D:\Development\Projects\vivienda\src\protected\views\solicitud\update.php(19): SolicitudController->renderPartial()
#3 D:\Development\Projects\vivienda\framework\web\CBaseController.php(126): require()
#4 D:\Development\Projects\vivienda\framework\web\CBaseController.php(95): SolicitudController->renderInternal()
#5 D:\Development\Projects\vivienda\framework\web\CController.php(869): SolicitudController->renderFile()
#6 D:\Development\Projects\vivienda\framework\web\CController.php(782): SolicitudController->renderPartial()
#7 D:\Development\Projects\vivienda\src\protected\controllers\SolicitudController.php(263): SolicitudController->render()
#8 unknown(0): SolicitudController->actionUpdate()
#9 D:\Development\Projects\vivienda\framework\web\actions\CAction.php(109): ReflectionMethod->invokeArgs()
#10 D:\Development\Projects\vivienda\framework\web\actions\CInlineAction.php(47): CInlineAction->runWithParamsInternal()
#11 D:\Development\Projects\vivienda\framework\web\CController.php(308): CInlineAction->runWithParams()
#12 D:\Development\Projects\vivienda\framework\web\filters\CFilterChain.php(133): SolicitudController->runAction()
#13 D:\Development\Projects\vivienda\framework\web\filters\CFilter.php(40): CFilterChain->run()
#14 D:\Development\Projects\vivienda\framework\web\CController.php(1145): CAccessControlFilter->filter()
#15 D:\Development\Projects\vivienda\framework\web\filters\CInlineFilter.php(58): SolicitudController->filterAccessControl()
#16 D:\Development\Projects\vivienda\framework\web\filters\CFilterChain.php(130): CInlineFilter->filter()
#17 D:\Development\Projects\vivienda\framework\web\CController.php(291): CFilterChain->run()
#18 D:\Development\Projects\vivienda\framework\web\CController.php(265): SolicitudController->runActionWithFilters()
#19 D:\Development\Projects\vivienda\framework\web\CWebApplication.php(282): SolicitudController->run()
#20 D:\Development\Projects\vivienda\framework\web\CWebApplication.php(141): CWebApplication->runController()
#21 D:\Development\Projects\vivienda\framework\base\CApplication.php(184): CWebApplication->processRequest()
#22 D:\Development\Projects\vivienda\src\index.php(13): CWebApplication->run()
REQUEST_URI=/solicitud/update/1790
2015/05/20 15:25:13 [error] [php] Array to string conversion (D:\Development\Projects\vivienda\framework\web\helpers\CHtml.php:167)
Stack trace:
#0 D:\Development\Projects\vivienda\framework\web\CBaseController.php(95): SolicitudController->renderInternal()
#1 D:\Development\Projects\vivienda\framework\web\CController.php(869): SolicitudController->renderFile()
#2 D:\Development\Projects\vivienda\src\protected\views\solicitud\update.php(19): SolicitudController->renderPartial()
#3 D:\Development\Projects\vivienda\framework\web\CBaseController.php(126): require()
#4 D:\Development\Projects\vivienda\framework\web\CBaseController.php(95): SolicitudController->renderInternal()
#5 D:\Development\Projects\vivienda\framework\web\CController.php(869): SolicitudController->renderFile()
#6 D:\Development\Projects\vivienda\framework\web\CController.php(782): SolicitudController->renderPartial()
#7 D:\Development\Projects\vivienda\src\protected\controllers\SolicitudController.php(263): SolicitudController->render()
#8 unknown(0): SolicitudController->actionUpdate()
#9 D:\Development\Projects\vivienda\framework\web\actions\CAction.php(109): ReflectionMethod->invokeArgs()
#10 D:\Development\Projects\vivienda\framework\web\actions\CInlineAction.php(47): CInlineAction->runWithParamsInternal()
#11 D:\Development\Projects\vivienda\framework\web\CController.php(308): CInlineAction->runWithParams()
#12 D:\Development\Projects\vivienda\framework\web\filters\CFilterChain.php(133): SolicitudController->runAction()
#13 D:\Development\Projects\vivienda\framework\web\filters\CFilter.php(40): CFilterChain->run()
#14 D:\Development\Projects\vivienda\framework\web\CController.php(1145): CAccessControlFilter->filter()
#15 D:\Development\Projects\vivienda\framework\web\filters\CInlineFilter.php(58): SolicitudController->filterAccessControl()
#16 D:\Development\Projects\vivienda\framework\web\filters\CFilterChain.php(130): CInlineFilter->filter()
#17 D:\Development\Projects\vivienda\framework\web\CController.php(291): CFilterChain->run()
#18 D:\Development\Projects\vivienda\framework\web\CController.php(265): SolicitudController->runActionWithFilters()
#19 D:\Development\Projects\vivienda\framework\web\CWebApplication.php(282): SolicitudController->run()
#20 D:\Development\Projects\vivienda\framework\web\CWebApplication.php(141): CWebApplication->runController()
#21 D:\Development\Projects\vivienda\framework\base\CApplication.php(184): CWebApplication->processRequest()
#22 D:\Development\Projects\vivienda\src\index.php(13): CWebApplication->run()
REQUEST_URI=/solicitud/update/1790
2015/05/20 15:25:20 [error] [php] Array to string conversion (D:\Development\Projects\vivienda\framework\web\helpers\CHtml.php:167)
Stack trace:
#0 D:\Development\Projects\vivienda\framework\web\CBaseController.php(95): SolicitudController->renderInternal()
#1 D:\Development\Projects\vivienda\framework\web\CController.php(869): SolicitudController->renderFile()
#2 D:\Development\Projects\vivienda\src\protected\views\solicitud\update.php(19): SolicitudController->renderPartial()
#3 D:\Development\Projects\vivienda\framework\web\CBaseController.php(126): require()
#4 D:\Development\Projects\vivienda\framework\web\CBaseController.php(95): SolicitudController->renderInternal()
#5 D:\Development\Projects\vivienda\framework\web\CController.php(869): SolicitudController->renderFile()
#6 D:\Development\Projects\vivienda\framework\web\CController.php(782): SolicitudController->renderPartial()
#7 D:\Development\Projects\vivienda\src\protected\controllers\SolicitudController.php(263): SolicitudController->render()
#8 unknown(0): SolicitudController->actionUpdate()
#9 D:\Development\Projects\vivienda\framework\web\actions\CAction.php(109): ReflectionMethod->invokeArgs()
#10 D:\Development\Projects\vivienda\framework\web\actions\CInlineAction.php(47): CInlineAction->runWithParamsInternal()
#11 D:\Development\Projects\vivienda\framework\web\CController.php(308): CInlineAction->runWithParams()
#12 D:\Development\Projects\vivienda\framework\web\filters\CFilterChain.php(133): SolicitudController->runAction()
#13 D:\Development\Projects\vivienda\framework\web\filters\CFilter.php(40): CFilterChain->run()
#14 D:\Development\Projects\vivienda\framework\web\CController.php(1145): CAccessControlFilter->filter()
#15 D:\Development\Projects\vivienda\framework\web\filters\CInlineFilter.php(58): SolicitudController->filterAccessControl()
#16 D:\Development\Projects\vivienda\framework\web\filters\CFilterChain.php(130): CInlineFilter->filter()
#17 D:\Development\Projects\vivienda\framework\web\CController.php(291): CFilterChain->run()
#18 D:\Development\Projects\vivienda\framework\web\CController.php(265): SolicitudController->runActionWithFilters()
#19 D:\Development\Projects\vivienda\framework\web\CWebApplication.php(282): SolicitudController->run()
#20 D:\Development\Projects\vivienda\framework\web\CWebApplication.php(141): CWebApplication->runController()
#21 D:\Development\Projects\vivienda\framework\base\CApplication.php(184): CWebApplication->processRequest()
#22 D:\Development\Projects\vivienda\src\index.php(13): CWebApplication->run()
REQUEST_URI=/solicitud/update/1790
2015/05/20 15:25:42 [error] [php] Array to string conversion (D:\Development\Projects\vivienda\framework\web\helpers\CHtml.php:167)
Stack trace:
#0 D:\Development\Projects\vivienda\framework\web\CBaseController.php(95): SolicitudController->renderInternal()
#1 D:\Development\Projects\vivienda\framework\web\CController.php(869): SolicitudController->renderFile()
#2 D:\Development\Projects\vivienda\src\protected\views\solicitud\update.php(19): SolicitudController->renderPartial()
#3 D:\Development\Projects\vivienda\framework\web\CBaseController.php(126): require()
#4 D:\Development\Projects\vivienda\framework\web\CBaseController.php(95): SolicitudController->renderInternal()
#5 D:\Development\Projects\vivienda\framework\web\CController.php(869): SolicitudController->renderFile()
#6 D:\Development\Projects\vivienda\framework\web\CController.php(782): SolicitudController->renderPartial()
#7 D:\Development\Projects\vivienda\src\protected\controllers\SolicitudController.php(263): SolicitudController->render()
#8 unknown(0): SolicitudController->actionUpdate()
#9 D:\Development\Projects\vivienda\framework\web\actions\CAction.php(109): ReflectionMethod->invokeArgs()
#10 D:\Development\Projects\vivienda\framework\web\actions\CInlineAction.php(47): CInlineAction->runWithParamsInternal()
#11 D:\Development\Projects\vivienda\framework\web\CController.php(308): CInlineAction->runWithParams()
#12 D:\Development\Projects\vivienda\framework\web\filters\CFilterChain.php(133): SolicitudController->runAction()
#13 D:\Development\Projects\vivienda\framework\web\filters\CFilter.php(40): CFilterChain->run()
#14 D:\Development\Projects\vivienda\framework\web\CController.php(1145): CAccessControlFilter->filter()
#15 D:\Development\Projects\vivienda\framework\web\filters\CInlineFilter.php(58): SolicitudController->filterAccessControl()
#16 D:\Development\Projects\vivienda\framework\web\filters\CFilterChain.php(130): CInlineFilter->filter()
#17 D:\Development\Projects\vivienda\framework\web\CController.php(291): CFilterChain->run()
#18 D:\Development\Projects\vivienda\framework\web\CController.php(265): SolicitudController->runActionWithFilters()
#19 D:\Development\Projects\vivienda\framework\web\CWebApplication.php(282): SolicitudController->run()
#20 D:\Development\Projects\vivienda\framework\web\CWebApplication.php(141): CWebApplication->runController()
#21 D:\Development\Projects\vivienda\framework\base\CApplication.php(184): CWebApplication->processRequest()
#22 D:\Development\Projects\vivienda\src\index.php(13): CWebApplication->run()
REQUEST_URI=/solicitud/update/1790
2015/05/20 15:25:57 [error] [php] Array to string conversion (D:\Development\Projects\vivienda\framework\web\helpers\CHtml.php:167)
Stack trace:
#0 D:\Development\Projects\vivienda\framework\web\CBaseController.php(95): SolicitudController->renderInternal()
#1 D:\Development\Projects\vivienda\framework\web\CController.php(869): SolicitudController->renderFile()
#2 D:\Development\Projects\vivienda\src\protected\views\solicitud\update.php(19): SolicitudController->renderPartial()
#3 D:\Development\Projects\vivienda\framework\web\CBaseController.php(126): require()
#4 D:\Development\Projects\vivienda\framework\web\CBaseController.php(95): SolicitudController->renderInternal()
#5 D:\Development\Projects\vivienda\framework\web\CController.php(869): SolicitudController->renderFile()
#6 D:\Development\Projects\vivienda\framework\web\CController.php(782): SolicitudController->renderPartial()
#7 D:\Development\Projects\vivienda\src\protected\controllers\SolicitudController.php(263): SolicitudController->render()
#8 unknown(0): SolicitudController->actionUpdate()
#9 D:\Development\Projects\vivienda\framework\web\actions\CAction.php(109): ReflectionMethod->invokeArgs()
#10 D:\Development\Projects\vivienda\framework\web\actions\CInlineAction.php(47): CInlineAction->runWithParamsInternal()
#11 D:\Development\Projects\vivienda\framework\web\CController.php(308): CInlineAction->runWithParams()
#12 D:\Development\Projects\vivienda\framework\web\filters\CFilterChain.php(133): SolicitudController->runAction()
#13 D:\Development\Projects\vivienda\framework\web\filters\CFilter.php(40): CFilterChain->run()
#14 D:\Development\Projects\vivienda\framework\web\CController.php(1145): CAccessControlFilter->filter()
#15 D:\Development\Projects\vivienda\framework\web\filters\CInlineFilter.php(58): SolicitudController->filterAccessControl()
#16 D:\Development\Projects\vivienda\framework\web\filters\CFilterChain.php(130): CInlineFilter->filter()
#17 D:\Development\Projects\vivienda\framework\web\CController.php(291): CFilterChain->run()
#18 D:\Development\Projects\vivienda\framework\web\CController.php(265): SolicitudController->runActionWithFilters()
#19 D:\Development\Projects\vivienda\framework\web\CWebApplication.php(282): SolicitudController->run()
#20 D:\Development\Projects\vivienda\framework\web\CWebApplication.php(141): CWebApplication->runController()
#21 D:\Development\Projects\vivienda\framework\base\CApplication.php(184): CWebApplication->processRequest()
#22 D:\Development\Projects\vivienda\src\index.php(13): CWebApplication->run()
REQUEST_URI=/solicitud/update/1790
2015/05/20 15:27:12 [error] [php] Array to string conversion (D:\Development\Projects\vivienda\framework\web\helpers\CHtml.php:167)
Stack trace:
#0 D:\Development\Projects\vivienda\framework\web\CBaseController.php(95): SolicitudController->renderInternal()
#1 D:\Development\Projects\vivienda\framework\web\CController.php(869): SolicitudController->renderFile()
#2 D:\Development\Projects\vivienda\src\protected\views\solicitud\update.php(19): SolicitudController->renderPartial()
#3 D:\Development\Projects\vivienda\framework\web\CBaseController.php(126): require()
#4 D:\Development\Projects\vivienda\framework\web\CBaseController.php(95): SolicitudController->renderInternal()
#5 D:\Development\Projects\vivienda\framework\web\CController.php(869): SolicitudController->renderFile()
#6 D:\Development\Projects\vivienda\framework\web\CController.php(782): SolicitudController->renderPartial()
#7 D:\Development\Projects\vivienda\src\protected\controllers\SolicitudController.php(263): SolicitudController->render()
#8 unknown(0): SolicitudController->actionUpdate()
#9 D:\Development\Projects\vivienda\framework\web\actions\CAction.php(109): ReflectionMethod->invokeArgs()
#10 D:\Development\Projects\vivienda\framework\web\actions\CInlineAction.php(47): CInlineAction->runWithParamsInternal()
#11 D:\Development\Projects\vivienda\framework\web\CController.php(308): CInlineAction->runWithParams()
#12 D:\Development\Projects\vivienda\framework\web\filters\CFilterChain.php(133): SolicitudController->runAction()
#13 D:\Development\Projects\vivienda\framework\web\filters\CFilter.php(40): CFilterChain->run()
#14 D:\Development\Projects\vivienda\framework\web\CController.php(1145): CAccessControlFilter->filter()
#15 D:\Development\Projects\vivienda\framework\web\filters\CInlineFilter.php(58): SolicitudController->filterAccessControl()
#16 D:\Development\Projects\vivienda\framework\web\filters\CFilterChain.php(130): CInlineFilter->filter()
#17 D:\Development\Projects\vivienda\framework\web\CController.php(291): CFilterChain->run()
#18 D:\Development\Projects\vivienda\framework\web\CController.php(265): SolicitudController->runActionWithFilters()
#19 D:\Development\Projects\vivienda\framework\web\CWebApplication.php(282): SolicitudController->run()
#20 D:\Development\Projects\vivienda\framework\web\CWebApplication.php(141): CWebApplication->runController()
#21 D:\Development\Projects\vivienda\framework\base\CApplication.php(184): CWebApplication->processRequest()
#22 D:\Development\Projects\vivienda\src\index.php(13): CWebApplication->run()
REQUEST_URI=/solicitud/update/1790
2015/05/20 15:28:24 [error] [php] Array to string conversion (D:\Development\Projects\vivienda\framework\web\helpers\CHtml.php:167)
Stack trace:
#0 D:\Development\Projects\vivienda\framework\web\CBaseController.php(95): SolicitudController->renderInternal()
#1 D:\Development\Projects\vivienda\framework\web\CController.php(869): SolicitudController->renderFile()
#2 D:\Development\Projects\vivienda\src\protected\views\solicitud\update.php(19): SolicitudController->renderPartial()
#3 D:\Development\Projects\vivienda\framework\web\CBaseController.php(126): require()
#4 D:\Development\Projects\vivienda\framework\web\CBaseController.php(95): SolicitudController->renderInternal()
#5 D:\Development\Projects\vivienda\framework\web\CController.php(869): SolicitudController->renderFile()
#6 D:\Development\Projects\vivienda\framework\web\CController.php(782): SolicitudController->renderPartial()
#7 D:\Development\Projects\vivienda\src\protected\controllers\SolicitudController.php(263): SolicitudController->render()
#8 unknown(0): SolicitudController->actionUpdate()
#9 D:\Development\Projects\vivienda\framework\web\actions\CAction.php(109): ReflectionMethod->invokeArgs()
#10 D:\Development\Projects\vivienda\framework\web\actions\CInlineAction.php(47): CInlineAction->runWithParamsInternal()
#11 D:\Development\Projects\vivienda\framework\web\CController.php(308): CInlineAction->runWithParams()
#12 D:\Development\Projects\vivienda\framework\web\filters\CFilterChain.php(133): SolicitudController->runAction()
#13 D:\Development\Projects\vivienda\framework\web\filters\CFilter.php(40): CFilterChain->run()
#14 D:\Development\Projects\vivienda\framework\web\CController.php(1145): CAccessControlFilter->filter()
#15 D:\Development\Projects\vivienda\framework\web\filters\CInlineFilter.php(58): SolicitudController->filterAccessControl()
#16 D:\Development\Projects\vivienda\framework\web\filters\CFilterChain.php(130): CInlineFilter->filter()
#17 D:\Development\Projects\vivienda\framework\web\CController.php(291): CFilterChain->run()
#18 D:\Development\Projects\vivienda\framework\web\CController.php(265): SolicitudController->runActionWithFilters()
#19 D:\Development\Projects\vivienda\framework\web\CWebApplication.php(282): SolicitudController->run()
#20 D:\Development\Projects\vivienda\framework\web\CWebApplication.php(141): CWebApplication->runController()
#21 D:\Development\Projects\vivienda\framework\base\CApplication.php(184): CWebApplication->processRequest()
#22 D:\Development\Projects\vivienda\src\index.php(13): CWebApplication->run()
REQUEST_URI=/solicitud/update/1790
2015/05/20 15:31:41 [error] [php] Trying to get property of non-object (D:\Development\Projects\vivienda\src\protected\views\solicitud\confeccionGrupoConviviente.php:48)
Stack trace:
#0 D:\Development\Projects\vivienda\framework\web\CController.php(869): SolicitudController->renderFile()
#1 D:\Development\Projects\vivienda\src\protected\views\solicitud\update.php(19): SolicitudController->renderPartial()
#2 D:\Development\Projects\vivienda\framework\web\CBaseController.php(126): require()
#3 D:\Development\Projects\vivienda\framework\web\CBaseController.php(95): SolicitudController->renderInternal()
#4 D:\Development\Projects\vivienda\framework\web\CController.php(869): SolicitudController->renderFile()
#5 D:\Development\Projects\vivienda\framework\web\CController.php(782): SolicitudController->renderPartial()
#6 D:\Development\Projects\vivienda\src\protected\controllers\SolicitudController.php(263): SolicitudController->render()
#7 unknown(0): SolicitudController->actionUpdate()
#8 D:\Development\Projects\vivienda\framework\web\actions\CAction.php(109): ReflectionMethod->invokeArgs()
#9 D:\Development\Projects\vivienda\framework\web\actions\CInlineAction.php(47): CInlineAction->runWithParamsInternal()
#10 D:\Development\Projects\vivienda\framework\web\CController.php(308): CInlineAction->runWithParams()
#11 D:\Development\Projects\vivienda\framework\web\filters\CFilterChain.php(133): SolicitudController->runAction()
#12 D:\Development\Projects\vivienda\framework\web\filters\CFilter.php(40): CFilterChain->run()
#13 D:\Development\Projects\vivienda\framework\web\CController.php(1145): CAccessControlFilter->filter()
#14 D:\Development\Projects\vivienda\framework\web\filters\CInlineFilter.php(58): SolicitudController->filterAccessControl()
#15 D:\Development\Projects\vivienda\framework\web\filters\CFilterChain.php(130): CInlineFilter->filter()
#16 D:\Development\Projects\vivienda\framework\web\CController.php(291): CFilterChain->run()
#17 D:\Development\Projects\vivienda\framework\web\CController.php(265): SolicitudController->runActionWithFilters()
#18 D:\Development\Projects\vivienda\framework\web\CWebApplication.php(282): SolicitudController->run()
#19 D:\Development\Projects\vivienda\framework\web\CWebApplication.php(141): CWebApplication->runController()
#20 D:\Development\Projects\vivienda\framework\base\CApplication.php(184): CWebApplication->processRequest()
#21 D:\Development\Projects\vivienda\src\index.php(13): CWebApplication->run()
REQUEST_URI=/solicitud/update/1790
2015/05/22 14:49:40 [error] [exception.CHttpException.404] exception 'CHttpException' with message 'No es posible resolver la solicitud "favicon.ico"' in D:\Development\Projects\vivienda\framework\web\CWebApplication.php:286
Stack trace:
#0 D:\Development\Projects\vivienda\framework\web\CWebApplication.php(141): CWebApplication->runController('favicon.ico')
#1 D:\Development\Projects\vivienda\framework\base\CApplication.php(184): CWebApplication->processRequest()
#2 D:\Development\Projects\vivienda\src\index.php(13): CApplication->run()
#3 {main}
REQUEST_URI=/favicon.ico
---
2015/05/22 14:49:40 [error] [exception.CHttpException.404] exception 'CHttpException' with message 'No es posible resolver la solicitud "favicon.ico"' in D:\Development\Projects\vivienda\framework\web\CWebApplication.php:286
Stack trace:
#0 D:\Development\Projects\vivienda\framework\web\CWebApplication.php(141): CWebApplication->runController('favicon.ico')
#1 D:\Development\Projects\vivienda\framework\base\CApplication.php(184): CWebApplication->processRequest()
#2 D:\Development\Projects\vivienda\src\index.php(13): CApplication->run()
#3 {main}
REQUEST_URI=/favicon.ico
---
